TFMapGISAndroid/MapGIS/app/build/intermediates/manifest_merge_blame_file/debug/manifest-merger-blame-debug-report.txt
1<?xml version="1.0" encoding="utf-8"?>
2<manifest xmlns:android="http://schemas.android.com/apk/res/android"
3    package="com.asdc.map"
4    android:versionCode="1"
5    android:versionName="1.0" >
6
7    <uses-sdk
8        android:minSdkVersion="19"
8-->src/main/AndroidManifest.xml
9        android:targetSdkVersion="28" />
9-->src/main/AndroidManifest.xml
10
11    <supports-screens
11-->src/main/AndroidManifest.xml:6:5-11:40
12        android:anyDensity="true"
12-->src/main/AndroidManifest.xml:7:9-34
13        android:largeScreens="true"
13-->src/main/AndroidManifest.xml:8:9-36
14        android:normalScreens="true"
14-->src/main/AndroidManifest.xml:9:9-37
15        android:smallScreens="true" />
15-->src/main/AndroidManifest.xml:10:9-36
16
17    <uses-permission android:name="android.permission.INTERNET" />
17-->src/main/AndroidManifest.xml:13:5-67
17-->src/main/AndroidManifest.xml:13:22-64
18    <uses-permission android:name="android.permission.ACCESS_WIFI_STATE" />
18-->src/main/AndroidManifest.xml:14:5-76
18-->src/main/AndroidManifest.xml:14:22-73
19    <uses-permission android:name="android.permission.ACCESS_NETWORK_STATE" />
19-->src/main/AndroidManifest.xml:15:5-79
19-->src/main/AndroidManifest.xml:15:22-76
20    <uses-permission android:name="android.permission.CHANGE_WIFI_STATE" />
20-->src/main/AndroidManifest.xml:16:5-76
20-->src/main/AndroidManifest.xml:16:22-73
21    <uses-permission android:name="android.permission.ACCESS_FINE_LOCATION" />
21-->src/main/AndroidManifest.xml:17:5-79
21-->src/main/AndroidManifest.xml:17:22-76
22    <uses-permission android:name="android.permission.ACCESS_COARSE_LOCATION" />
22-->src/main/AndroidManifest.xml:18:5-81
22-->src/main/AndroidManifest.xml:18:22-78
23    <uses-permission android:name="android.permission.MOUNT_UNMOUNT_FILESYSTEM" />
23-->src/main/AndroidManifest.xml:19:5-83
23-->src/main/AndroidManifest.xml:19:22-80
24    <uses-permission android:name="android.permission.WRITE_EXTERNAL_STORAGE" />
24-->src/main/AndroidManifest.xml:20:5-81
24-->src/main/AndroidManifest.xml:20:22-78
25    <uses-permission android:name="android.permission.READ_EXTERNAL_STORAGE" />
25-->src/main/AndroidManifest.xml:21:5-80
25-->src/main/AndroidManifest.xml:21:22-77
26    <uses-permission android:name="android.permission.READ_PHONE_STATE" />
26-->src/main/AndroidManifest.xml:22:5-75
26-->src/main/AndroidManifest.xml:22:22-72
27    <uses-permission android:name="android.permission.SYSTEM_ALERT_WINDOW" />
27-->src/main/AndroidManifest.xml:23:5-78
27-->src/main/AndroidManifest.xml:23:22-75
28    <uses-permission android:name="android.permission.READ_EXTERNAL_STORAGE" />
28-->src/main/AndroidManifest.xml:21:5-80
28-->src/main/AndroidManifest.xml:21:22-77
29    <uses-permission android:name="android.permission.INTERNET" />
29-->src/main/AndroidManifest.xml:13:5-67
29-->src/main/AndroidManifest.xml:13:22-64
30
31    <application
31-->src/main/AndroidManifest.xml:28:5-73:19
32        android:name="com.asdc.map.MyApplication"
32-->src/main/AndroidManifest.xml:29:9-38
33        android:allowBackup="true"
33-->src/main/AndroidManifest.xml:30:9-35
34        android:appComponentFactory="androidx.core.app.CoreComponentFactory"
34-->[androidx.core:core:1.3.1] AndroidManifest.xml:24:18-86
35        android:debuggable="true"
36        android:icon="@mipmap/ic_launcher"
36-->src/main/AndroidManifest.xml:31:9-43
37        android:label="@string/app_name"
37-->src/main/AndroidManifest.xml:32:9-41
38        android:roundIcon="@mipmap/ic_launcher_round"
38-->src/main/AndroidManifest.xml:33:9-54
39        android:supportsRtl="true"
39-->src/main/AndroidManifest.xml:34:9-35
40        android:testOnly="true"
41        android:theme="@style/AppTheme"
41-->src/main/AndroidManifest.xml:35:9-40
42        android:usesCleartextTraffic="true" >
42-->src/main/AndroidManifest.xml:36:9-44
43        <activity android:name="com.asdc.map.ui.task.TaskDetailActivity" />
43-->src/main/AndroidManifest.xml:38:9-63
43-->src/main/AndroidManifest.xml:38:19-61
44        <activity android:name="com.asdc.map.ui.layer.LayerActivity" />
44-->src/main/AndroidManifest.xml:39:9-60
44-->src/main/AndroidManifest.xml:39:19-57
45        <activity
45-->src/main/AndroidManifest.xml:40:9-42:60
46            android:name="com.asdc.map.ui.login.LoginActivity"
46-->src/main/AndroidManifest.xml:41:13-51
47            android:label="@string/title_activity_login" />
47-->src/main/AndroidManifest.xml:42:13-57
48        <activity
48-->src/main/AndroidManifest.xml:43:9-54:20
49            android:name="com.asdc.map.ui.SplashActivity"
49-->src/main/AndroidManifest.xml:44:13-46
50            android:configChanges="locale"
50-->src/main/AndroidManifest.xml:45:13-43
51            android:label="@string/app_name"
51-->src/main/AndroidManifest.xml:46:13-45
52            android:screenOrientation="portrait"
52-->src/main/AndroidManifest.xml:47:13-49
53            android:theme="@style/Theme.Start" >
53-->src/main/AndroidManifest.xml:48:13-47
54            <intent-filter>
54-->src/main/AndroidManifest.xml:49:13-53:29
55                <action android:name="android.intent.action.MAIN" />
55-->src/main/AndroidManifest.xml:50:17-69
55-->src/main/AndroidManifest.xml:50:25-66
56
57                <category android:name="android.intent.category.LAUNCHER" />
57-->src/main/AndroidManifest.xml:52:17-77
57-->src/main/AndroidManifest.xml:52:27-74
58            </intent-filter>
59        </activity>
60        <activity
60-->src/main/AndroidManifest.xml:55:9-57:66
61            android:name="com.asdc.map.ui.MainActivity"
61-->src/main/AndroidManifest.xml:56:13-44
62            android:configChanges="keyboardHidden|orientation" />
62-->src/main/AndroidManifest.xml:57:13-63
63
64        <service
64-->src/main/AndroidManifest.xml:59:9-62:42
65            android:name="com.asdc.map.location.GpsService"
65-->src/main/AndroidManifest.xml:60:13-48
66            android:enabled="true"
66-->src/main/AndroidManifest.xml:61:13-35
67            android:label="GpsService" />
67-->src/main/AndroidManifest.xml:62:13-39
68
69        <provider
69-->src/main/AndroidManifest.xml:64:9-72:20
70            android:name="androidx.core.content.FileProvider"
70-->src/main/AndroidManifest.xml:65:13-62
71            android:authorities="com.asdc.map.fileprovider"
71-->src/main/AndroidManifest.xml:66:13-60
72            android:exported="false"
72-->src/main/AndroidManifest.xml:67:13-37
73            android:grantUriPermissions="true" >
73-->src/main/AndroidManifest.xml:68:13-47
74            <meta-data
74-->src/main/AndroidManifest.xml:69:13-71:54
75                android:name="android.support.FILE_PROVIDER_PATHS"
75-->src/main/AndroidManifest.xml:70:17-67
76                android:resource="@xml/file_paths" />
76-->src/main/AndroidManifest.xml:71:17-51
77        </provider>
78
79        <activity
79-->[pub.devrel:easypermissions:3.0.0] AndroidManifest.xml:12:9-16:66
80            android:name="pub.devrel.easypermissions.AppSettingsDialogHolderActivity"
80-->[pub.devrel:easypermissions:3.0.0] AndroidManifest.xml:13:13-86
81            android:exported="false"
81-->[pub.devrel:easypermissions:3.0.0] AndroidManifest.xml:14:13-37
82            android:label=""
82-->[pub.devrel:easypermissions:3.0.0] AndroidManifest.xml:15:13-29
83            android:theme="@style/EasyPermissions.Transparent" />
83-->[pub.devrel:easypermissions:3.0.0] AndroidManifest.xml:16:13-63
84
85        <provider
85-->[androidx.lifecycle:lifecycle-process:2.2.0] AndroidManifest.xml:25:9-29:43
86            android:name="androidx.lifecycle.ProcessLifecycleOwnerInitializer"
86-->[androidx.lifecycle:lifecycle-process:2.2.0] AndroidManifest.xml:26:13-79
87            android:authorities="com.asdc.map.lifecycle-process"
87-->[androidx.lifecycle:lifecycle-process:2.2.0] AndroidManifest.xml:27:13-69
88            android:exported="false"
88-->[androidx.lifecycle:lifecycle-process:2.2.0] AndroidManifest.xml:28:13-37
89            android:multiprocess="true" />
89-->[androidx.lifecycle:lifecycle-process:2.2.0] AndroidManifest.xml:29:13-40
90    </application>
91
92</manifest>